Register accessed: 2025-11-15 18:47:30
Register accessed: 2025-11-15 19:00:41
Register accessed: 2025-11-15 19:31:24
Login accessed: 2025-11-15 19:31:27
Register accessed: 2025-11-15 20:03:49
Register accessed: 2025-11-15 20:04:07
Register attempt: email=mahende@gmail.com, role=teacher
Registration successful, redirecting
Login accessed: 2025-11-15 20:04:07
Login accessed: 2025-11-15 20:04:18
Login attempt: email=mahende@gmail.com
Login successful, redirecting
Login accessed: 2025-11-18 09:58:21
Register accessed: 2025-11-18 09:58:27
Register accessed: 2025-11-18 09:58:58
Register attempt: email=cabrixjr@gmail.com, role=teacher
Registration failed
Register accessed: 2025-11-18 10:03:14
Register attempt: email=cabrixjr@gmail.com, role=teacher
Registration successful, redirecting
Login accessed: 2025-11-18 10:03:14
Login accessed: 2025-11-18 10:03:22
Login attempt: email=cabrixjr@gmail.com
Login successful, redirecting
Login accessed: 2025-11-18 10:12:16
Login accessed: 2025-11-18 10:12:53
Login attempt: email=cabrixjr@gmail.com
Login successful, redirecting
Login accessed: 2025-11-18 10:14:46
Login accessed: 2025-11-18 10:14:47
Login accessed: 2025-11-18 10:14:47
Login accessed: 2025-11-18 10:14:47
Login accessed: 2025-11-18 10:15:48
Login accessed: 2025-11-18 10:15:58
Login attempt: email=cabrixjr@gmail.com
Login successful, redirecting
Register accessed: 2025-11-18 10:17:27
Login accessed: 2025-11-18 10:17:30
Login attempt: email=cabrixjr@gmail.com
Login successful, redirecting
Login accessed: 2025-11-18 10:19:12
Login accessed: 2025-11-18 10:19:22
Login attempt: email=cabrixjr@gmail.com
Login failed
Login accessed: 2025-11-18 10:19:31
Login attempt: email=cabrixjr@gmail.com
Login successful, redirecting
Login accessed: 2025-11-18 10:20:18
Login accessed: 2025-11-18 10:20:24
Register accessed: 2025-11-18 10:21:39
Login accessed: 2025-11-18 10:22:03
Login accessed: 2025-11-18 10:22:08
Login accessed: 2025-11-18 10:22:09
Login accessed: 2025-11-18 10:22:21
Register accessed: 2025-11-18 10:22:31
Register accessed: 2025-11-18 10:22:48
Register attempt: email=cabrixjr@gmail.com, role=teacher
Registration failed
Login accessed: 2025-11-18 10:22:54
Login accessed: 2025-11-18 10:23:00
Login attempt: email=cabrixjr@gmail.com
Login successful, redirecting
Login accessed: 2025-11-18 10:25:44
Register accessed: 2025-11-18 10:26:21
Login accessed: 2025-11-18 10:27:41
Register accessed: 2025-11-18 10:39:43
Register attempt: email=cabrixjr1@gmail.com, role=employer
Registration successful, redirecting
Login accessed: 2025-11-18 10:39:43
Login accessed: 2025-11-18 10:39:49
Login accessed: 2025-11-18 10:39:57
Login attempt: email=cabrixjr1@gmail.com
Login successful, redirecting
